<?xml version="1.0" encoding="utf-8"?><testsuites name="pytest tests"><testsuite name="pytest" errors="0" failures="4" skipped="4" tests="35" time="11.190" timestamp="2026-06-05T00:57:39.463834+00:00" hostname="agent-env-7f8e5df8-2163-4ee2-92bd-90ac501772d5"><testcase classname="backend.tests.backend_test" name="test_health" time="0.247" /><testcase classname="backend.tests.backend_test" name="test_waitlist" time="0.116" /><testcase classname="backend.tests.backend_test" name="test_nearby_requires_auth" time="0.117" /><testcase classname="backend.tests.backend_test" name="test_auth_me" time="0.169" /><testcase classname="backend.tests.backend_test" name="test_update_profile" time="0.230" /><testcase classname="backend.tests.backend_test" name="test_nearby_includes_demos" time="5.005"><skipped type="pytest.skip" message="demo user giulia_b not seeded">/app/backend/tests/backend_test.py:102: demo user giulia_b not seeded</skipped></testcase><testcase classname="backend.tests.backend_test" name="test_get_single_user_distance" time="0.000"><skipped type="pytest.skip" message="demo user giulia_b not seeded">/app/backend/tests/backend_test.py:113: demo user giulia_b not seeded</skipped></testcase><testcase classname="backend.tests.backend_test" name="test_conversation_flow_and_gating" time="0.000"><skipped type="pytest.skip" message="demo user giulia_b not seeded">/app/backend/tests/backend_test.py:122: demo user giulia_b not seeded</skipped></testcase><testcase classname="backend.tests.backend_test" name="test_accept_own_conv_forbidden" time="0.001"><failure message="TypeError: 'NoneType' object is not subscriptable">backend/tests/backend_test.py:172: in test_accept_own_conv_forbidden
    r = requests.post(f"{API}/conversations", json={"target_user_id": marco["user_id"], "text": "yo"}, headers=userA["h"])
                                                                      ^^^^^^^^^^^^^^^^
E   TypeError: 'NoneType' object is not subscriptable</failure></testcase><testcase classname="backend.tests.backend_test" name="test_add_participant_becomes_group" time="0.002"><failure message="TypeError: 'NoneType' object is not subscriptable">backend/tests/backend_test.py:182: in test_add_participant_becomes_group
    r = requests.post(f"{API}/conversations", json={"target_user_id": sofia["user_id"], "text": "hi"}, headers=userA["h"])
                                                                      ^^^^^^^^^^^^^^^^
E   TypeError: 'NoneType' object is not subscriptable</failure></testcase><testcase classname="backend.tests.backend_test" name="test_block_filters_and_blocks_messaging" time="0.001"><failure message="TypeError: 'NoneType' object is not subscriptable">backend/tests/backend_test.py:195: in test_block_filters_and_blocks_messaging
    r = requests.post(f"{API}/users/block/{chiara['user_id']}", headers=userA["h"])
                                           ^^^^^^^^^^^^^^^^^
E   TypeError: 'NoneType' object is not subscriptable</failure></testcase><testcase classname="backend.tests.backend_test" name="test_upload_and_download" time="0.520" /><testcase classname="backend.tests.backend_test" name="test_ws_token_requires_auth" time="0.099" /><testcase classname="backend.tests.backend_test" name="test_ws_token_returns_token" time="0.114" /><testcase classname="backend.tests.backend_test" name="test_my_referral_endpoint" time="0.125" /><testcase classname="backend.tests.backend_test" name="test_referral_completion_flow" time="0.327" /><testcase classname="backend.tests.backend_test" name="test_auth_session_referrer_invalid_no_crash" time="0.280" /><testcase classname="backend.tests.backend_test" name="test_websocket_broadcast" time="0.479" /><testcase classname="backend.tests.backend_test" name="test_report_requires_auth" time="0.105" /><testcase classname="backend.tests.backend_test" name="test_report_self_blocked" time="0.098" /><testcase classname="backend.tests.backend_test" name="test_report_invalid_reason" time="0.108" /><testcase classname="backend.tests.backend_test" name="test_report_idempotent_no_suspend" time="0.232" /><testcase classname="backend.tests.backend_test" name="test_auto_suspend_at_3_unique_reporters" time="0.614"><failure message="TypeError: 'NoneType' object is not subscriptable">backend/tests/backend_test.py:400: in test_auto_suspend_at_3_unique_reporters
    json={"target_user_id": marco["user_id"], "text": "hi"},
                            ^^^^^^^^^^^^^^^^
E   TypeError: 'NoneType' object is not subscriptable</failure></testcase><testcase classname="backend.tests.backend_test" name="test_cities_endpoint_no_auth" time="0.095" /><testcase classname="backend.tests.backend_test" name="test_nearby_radius_5km_excludes_far" time="0.109" /><testcase classname="backend.tests.backend_test" name="test_nearby_city_filter_case_insensitive" time="0.290" /><testcase classname="backend.tests.backend_test" name="test_nearby_city_fallback_to_city_center_when_no_gps" time="0.108" /><testcase classname="backend.tests.backend_test" name="test_admin_reports_requires_admin" time="0.106" /><testcase classname="backend.tests.backend_test" name="test_admin_reports_grouped" time="0.382" /><testcase classname="backend.tests.backend_test" name="test_admin_suspend_and_unsuspend_resolves_reports" time="0.333" /><testcase classname="backend.tests.backend_test" name="test_admin_cannot_suspend_admin" time="0.123" /><testcase classname="backend.tests.backend_test" name="test_admin_resolve_single_report" time="0.387" /><testcase classname="backend.tests.backend_test" name="test_admin_emails_auto_assign" time="0.001" /><testcase classname="backend.tests.backend_test" name="test_mongo_indexes_exist" time="0.001" /><testcase classname="backend.tests.backend_test" name="test_nearby_no_params_regression" time="0.002"><skipped type="pytest.skip" message="demo user giulia_b not seeded">/app/backend/tests/backend_test.py:677: demo user giulia_b not seeded</skipped></testcase></testsuite></testsuites>