<?xml version="1.0" encoding="utf-8"?><testsuites name="pytest tests"><testsuite name="pytest" errors="0" failures="0" skipped="0" tests="18" time="4.887" timestamp="2026-06-05T00:05:23.169907+00:00" hostname="agent-env-7f8e5df8-2163-4ee2-92bd-90ac501772d5"><testcase classname="backend.tests.backend_test" name="test_health" time="0.237" /><testcase classname="backend.tests.backend_test" name="test_waitlist" time="0.157" /><testcase classname="backend.tests.backend_test" name="test_nearby_requires_auth" time="0.113" /><testcase classname="backend.tests.backend_test" name="test_auth_me" time="0.114" /><testcase classname="backend.tests.backend_test" name="test_update_profile" time="0.276" /><testcase classname="backend.tests.backend_test" name="test_nearby_includes_demos" time="0.120" /><testcase classname="backend.tests.backend_test" name="test_get_single_user_distance" time="0.170" /><testcase classname="backend.tests.backend_test" name="test_conversation_flow_and_gating" time="0.740" /><testcase classname="backend.tests.backend_test" name="test_accept_own_conv_forbidden" time="0.270" /><testcase classname="backend.tests.backend_test" name="test_add_participant_becomes_group" time="0.235" /><testcase classname="backend.tests.backend_test" name="test_block_filters_and_blocks_messaging" time="0.336" /><testcase classname="backend.tests.backend_test" name="test_upload_and_download" time="0.484" /><testcase classname="backend.tests.backend_test" name="test_ws_token_requires_auth" time="0.110" /><testcase classname="backend.tests.backend_test" name="test_ws_token_returns_token" time="0.129" /><testcase classname="backend.tests.backend_test" name="test_my_referral_endpoint" time="0.124" /><testcase classname="backend.tests.backend_test" name="test_referral_completion_flow" time="0.349" /><testcase classname="backend.tests.backend_test" name="test_auth_session_referrer_invalid_no_crash" time="0.251" /><testcase classname="backend.tests.backend_test" name="test_websocket_broadcast" time="0.494" /></testsuite></testsuites>